TN:
SF:script/deploy/DeployFuiji.s.sol
FN:7,DeployFuji.run
FNDA:0,DeployFuji.run
FNF:1
FNH:0
LF:0
LH:0
BRF:0
BRH:0
end_of_record
TN:
SF:src/LiquidMiningDiamond.sol
FN:37,LiquidMiningDiamond.
FNDA:92,LiquidMiningDiamond.
DA:38,92
DA:40,92
DA:43,92
DA:46,92
DA:48,92
BRDA:48,0,0,-
BRDA:48,0,1,92
FNF:1
FNH:1
LF:5
LH:5
BRF:2
BRH:1
end_of_record
TN:
SF:src/facets//DiamondLoupeFacet.sol
FN:14,DiamondLoupeFacet.facets
FNDA:0,DiamondLoupeFacet.facets
DA:15,0
DA:17,0
DA:19,0
DA:21,0
DA:22,0
DA:24,0
DA:25,0
FN:31,DiamondLoupeFacet.facetFunctionSelectors
FNDA:0,DiamondLoupeFacet.facetFunctionSelectors
DA:32,0
DA:34,0
FN:38,DiamondLoupeFacet.facetAddresses
FNDA:0,DiamondLoupeFacet.facetAddresses
DA:39,0
DA:41,0
FN:46,DiamondLoupeFacet.facetAddress
FNDA:0,DiamondLoupeFacet.facetAddress
DA:47,0
DA:49,0
FN:54,DiamondLoupeFacet.supportsInterface
FNDA:0,DiamondLoupeFacet.supportsInterface
DA:55,0
DA:57,0
FNF:5
FNH:0
LF:15
LH:0
BRF:0
BRH:0
end_of_record
TN:
SF:src/facets//OwnershipFacet.sol
FN:13,OwnershipFacet.owner
FNDA:0,OwnershipFacet.owner
DA:14,0
FN:19,OwnershipFacet.transferOwnership
FNDA:0,OwnershipFacet.transferOwnership
DA:20,0
DA:21,0
FNF:2
FNH:0
LF:3
LH:0
BRF:0
BRH:0
end_of_record
TN:
SF:src/facets/AuthorizationFacet.sol
FN:17,AuthorizationFacet.authorized
FNDA:0,AuthorizationFacet.authorized
DA:18,0
FN:23,AuthorizationFacet.authorize
FNDA:0,AuthorizationFacet.authorize
DA:24,0
DA:26,0
FN:31,AuthorizationFacet.unAuthorize
FNDA:0,AuthorizationFacet.unAuthorize
DA:32,0
DA:34,0
FNF:3
FNH:0
LF:5
LH:0
BRF:0
BRH:0
end_of_record
TN:
SF:src/facets/BoostFacet.sol
FN:20,BoostFacet.claimBoost
FNDA:0,BoostFacet.claimBoost
DA:21,0
DA:22,0
DA:23,0
BRDA:23,0,0,-
BRDA:23,0,1,-
DA:24,0
DA:27,0
DA:28,0
FN:36,BoostFacet._calculatePoints
FNDA:0,BoostFacet._calculatePoints
DA:37,0
DA:38,0
BRDA:38,1,0,-
BRDA:38,1,1,-
DA:39,0
DA:40,0
BRDA:40,2,0,-
BRDA:40,2,1,-
DA:41,0
DA:42,0
BRDA:42,3,0,-
BRDA:42,3,1,-
DA:43,0
DA:44,0
BRDA:44,4,0,-
BRDA:44,4,1,-
DA:45,0
DA:46,0
BRDA:46,5,0,-
BRDA:46,5,1,-
DA:47,0
DA:48,0
BRDA:48,6,0,-
BRDA:48,6,1,-
DA:49,0
DA:50,0
BRDA:50,7,0,-
BRDA:50,7,1,-
DA:51,0
DA:53,0
FNF:2
FNH:0
LF:22
LH:0
BRF:16
BRH:0
end_of_record
TN:
SF:src/facets/ClaimFacet.sol
FN:29,ClaimFacet.claim
FNDA:0,ClaimFacet.claim
DA:30,0
DA:31,0
DA:32,0
BRDA:32,0,0,-
BRDA:32,0,1,-
DA:33,0
DA:35,0
BRDA:35,1,0,-
BRDA:35,1,1,-
DA:36,0
DA:39,0
DA:40,0
DA:41,0
DA:42,0
DA:43,0
DA:44,0
DA:45,0
FN:53,ClaimFacet.calculateShare
FNDA:0,ClaimFacet.calculateShare
DA:54,0
DA:55,0
DA:56,0
FN:60,ClaimFacet.vapeToDistribute
FNDA:0,ClaimFacet.vapeToDistribute
DA:61,0
FNF:3
FNH:0
LF:17
LH:0
BRF:4
BRH:0
end_of_record
TN:
SF:src/facets/DepositFacet.sol
FN:36,DepositFacet.deposit
FNDA:7,DepositFacet.deposit
DA:37,7
DA:39,7
BRDA:39,0,0,1
BRDA:39,0,1,6
DA:40,1
DA:44,6
DA:45,6
DA:46,6
DA:47,6
BRDA:47,1,0,4
BRDA:47,1,1,6
DA:48,4
DA:50,6
DA:51,6
DA:52,6
DA:53,5
DA:54,5
DA:57,5
FN:64,DepositFacet.getStratosphereMembershipDetails
FNDA:6,DepositFacet.getStratosphereMembershipDetails
DA:65,6
DA:66,6
DA:68,6
BRDA:68,2,0,2
BRDA:68,2,1,4
DA:69,2
DA:71,4
DA:72,4
DA:73,4
FN:79,DepositFacet._applyPoints
FNDA:6,DepositFacet._applyPoints
DA:80,6
DA:81,6
BRDA:81,3,0,1
BRDA:81,3,1,5
DA:82,1
DA:84,5
DA:85,5
DA:86,5
DA:87,5
DA:88,5
DA:89,5
FN:94,DepositFacet._applyDepositFee
FNDA:5,DepositFacet._applyDepositFee
DA:95,5
BRDA:95,4,0,-
BRDA:95,4,1,5
DA:96,0
DA:98,5
DA:99,5
DA:100,10
DA:101,10
DA:103,10
FNF:4
FNH:4
LF:37
LH:36
BRF:10
BRH:9
end_of_record
TN:
SF:src/facets/DiamondCutFacet.sol
FN:16,DiamondCutFacet.diamondCut
FNDA:0,DiamondCutFacet.diamondCut
DA:17,0
DA:18,0
FNF:1
FNH:0
LF:2
LH:0
BRF:0
BRH:0
end_of_record
TN:
SF:src/facets/DiamondLoupeFacet.sol
FN:14,DiamondLoupeFacet.facets
FNDA:0,DiamondLoupeFacet.facets
DA:15,0
DA:17,0
DA:19,0
DA:21,0
DA:22,0
DA:24,0
DA:25,0
FN:31,DiamondLoupeFacet.facetFunctionSelectors
FNDA:0,DiamondLoupeFacet.facetFunctionSelectors
DA:32,0
DA:34,0
FN:38,DiamondLoupeFacet.facetAddresses
FNDA:0,DiamondLoupeFacet.facetAddresses
DA:39,0
DA:41,0
FN:46,DiamondLoupeFacet.facetAddress
FNDA:0,DiamondLoupeFacet.facetAddress
DA:47,0
DA:49,0
FN:54,DiamondLoupeFacet.supportsInterface
FNDA:0,DiamondLoupeFacet.supportsInterface
DA:55,0
DA:57,0
FNF:5
FNH:0
LF:15
LH:0
BRF:0
BRH:0
end_of_record
TN:
SF:src/facets/DiamondManagerFacet.sol
FN:39,DiamondManagerFacet.setDepositToken
FNDA:0,DiamondManagerFacet.setDepositToken
DA:40,0
DA:41,0
FN:44,DiamondManagerFacet.setCurrentSeasonId
FNDA:5,DiamondManagerFacet.setCurrentSeasonId
DA:45,5
DA:46,5
FN:49,DiamondManagerFacet.setDepositDiscountForStratosphereMember
FNDA:15,DiamondManagerFacet.setDepositDiscountForStratosphereMember
DA:50,15
DA:51,15
FN:54,DiamondManagerFacet.setDepositFee
FNDA:5,DiamondManagerFacet.setDepositFee
DA:55,5
DA:56,5
FN:59,DiamondManagerFacet.setStratosphereAddress
FNDA:5,DiamondManagerFacet.setStratosphereAddress
DA:60,5
DA:61,5
FN:64,DiamondManagerFacet.setRewardsControllerAddress
FNDA:5,DiamondManagerFacet.setRewardsControllerAddress
DA:67,5
DA:68,5
FN:71,DiamondManagerFacet.setSeasonEndTimestamp
FNDA:5,DiamondManagerFacet.setSeasonEndTimestamp
DA:72,5
DA:73,5
FN:76,DiamondManagerFacet.setDepositFeeReceivers
FNDA:5,DiamondManagerFacet.setDepositFeeReceivers
DA:77,5
BRDA:77,0,0,-
BRDA:77,0,1,5
DA:78,0
DA:80,5
DA:81,5
DA:82,5
FN:85,DiamondManagerFacet.getPendingWithdrawals
FNDA:20,DiamondManagerFacet.getPendingWithdrawals
DA:86,20
FN:89,DiamondManagerFacet.getDepositAmountOfUser
FNDA:5,DiamondManagerFacet.getDepositAmountOfUser
DA:90,5
DA:91,5
FN:94,DiamondManagerFacet.getDepositPointsOfUser
FNDA:5,DiamondManagerFacet.getDepositPointsOfUser
DA:95,5
DA:96,5
FN:99,DiamondManagerFacet.getTotalDepositAmountOfSeason
FNDA:5,DiamondManagerFacet.getTotalDepositAmountOfSeason
DA:100,5
FN:103,DiamondManagerFacet.getTotalPointsOfSeason
FNDA:5,DiamondManagerFacet.getTotalPointsOfSeason
DA:104,5
FNF:13
FNH:12
LF:26
LH:23
BRF:2
BRH:1
end_of_record
TN:
SF:src/facets/OwnershipFacet.sol
FN:13,OwnershipFacet.owner
FNDA:0,OwnershipFacet.owner
DA:14,0
FN:19,OwnershipFacet.transferOwnership
FNDA:0,OwnershipFacet.transferOwnership
DA:20,0
DA:21,0
FNF:2
FNH:0
LF:3
LH:0
BRF:0
BRH:0
end_of_record
TN:
SF:src/facets/PausationFacet.sol
FN:16,PausationFacet.paused
FNDA:0,PausationFacet.paused
DA:17,0
FN:21,PausationFacet.pause
FNDA:0,PausationFacet.pause
DA:22,0
DA:24,0
BRDA:24,0,0,-
BRDA:24,0,1,-
DA:26,0
FN:30,PausationFacet.unpause
FNDA:0,PausationFacet.unpause
DA:31,0
DA:33,0
BRDA:33,1,0,-
BRDA:33,1,1,-
DA:35,0
FNF:3
FNH:0
LF:7
LH:0
BRF:4
BRH:0
end_of_record
TN:
SF:src/facets/RestakeFacet.sol
FN:21,RestakeFacet.restake
FNDA:0,RestakeFacet.restake
DA:22,0
DA:23,0
BRDA:23,0,0,-
BRDA:23,0,1,-
DA:24,0
DA:27,0
BRDA:27,1,0,-
BRDA:27,1,1,-
DA:28,0
DA:31,0
DA:32,0
DA:33,0
FN:36,RestakeFacet._restake
FNDA:0,RestakeFacet._restake
DA:37,0
DA:38,0
DA:39,0
DA:40,0
DA:41,0
BRDA:41,2,0,-
BRDA:41,2,1,-
DA:42,0
DA:44,0
DA:45,0
DA:46,0
DA:47,0
DA:48,0
FN:55,RestakeFacet._getStratosphereMembershipDetails
FNDA:0,RestakeFacet._getStratosphereMembershipDetails
DA:56,0
DA:57,0
DA:58,0
FN:68,RestakeFacet._applyPoints
FNDA:0,RestakeFacet._applyPoints
DA:69,0
DA:70,0
DA:71,0
DA:72,0
DA:73,0
DA:74,0
DA:75,0
FN:80,RestakeFacet._applyRestakeFee
FNDA:0,RestakeFacet._applyRestakeFee
DA:81,0
DA:82,0
DA:83,0
DA:84,0
DA:86,0
FNF:5
FNH:0
LF:34
LH:0
BRF:6
BRH:0
end_of_record
TN:
SF:src/facets/UnlockFacet.sol
FN:21,UnlockFacet.unlock
FNDA:0,UnlockFacet.unlock
DA:22,0
BRDA:22,0,0,-
BRDA:22,0,1,-
DA:23,0
DA:25,0
BRDA:25,1,0,-
BRDA:25,1,1,-
DA:26,0
DA:28,0
DA:30,0
DA:31,0
DA:33,0
DA:34,0
DA:35,0
BRDA:35,2,0,-
BRDA:35,2,1,-
DA:36,0
DA:39,0
DA:44,0
BRDA:44,3,0,-
BRDA:44,3,1,-
DA:45,0
DA:48,0
DA:49,0
DA:51,0
FN:58,UnlockFacet.getStratosphereMembershipDetails
FNDA:0,UnlockFacet.getStratosphereMembershipDetails
DA:59,0
DA:60,0
DA:62,0
BRDA:62,4,0,-
BRDA:62,4,1,-
DA:63,0
DA:65,0
DA:66,0
DA:67,0
FN:73,UnlockFacet._deductPoints
FNDA:0,UnlockFacet._deductPoints
DA:74,0
DA:75,0
DA:76,0
DA:77,0
DA:78,0
DA:79,0
DA:80,0
FN:85,UnlockFacet._applyUnlockFee
FNDA:0,UnlockFacet._applyUnlockFee
DA:86,0
BRDA:86,5,0,-
BRDA:86,5,1,-
DA:87,0
DA:89,0
DA:90,0
DA:91,0
DA:92,0
DA:94,0
FNF:4
FNH:0
LF:38
LH:0
BRF:12
BRH:0
end_of_record
TN:
SF:src/facets/WithdrawFacet.sol
FN:33,WithdrawFacet.withdrawUnlocked
FNDA:0,WithdrawFacet.withdrawUnlocked
DA:34,0
DA:35,0
DA:36,0
DA:37,0
DA:38,0
DA:39,0
BRDA:39,0,0,-
BRDA:39,0,1,-
DA:40,0
DA:42,0
BRDA:42,1,0,-
BRDA:42,1,1,-
DA:43,0
DA:45,0
DA:46,0
DA:47,0
DA:48,0
FN:53,WithdrawFacet.withdraw
FNDA:0,WithdrawFacet.withdraw
DA:54,0
DA:55,0
DA:56,0
DA:58,0
BRDA:58,2,0,-
BRDA:58,2,1,-
DA:59,0
DA:62,0
BRDA:62,3,0,-
BRDA:62,3,1,-
DA:63,0
DA:66,0
BRDA:66,4,0,-
BRDA:66,4,1,-
DA:67,0
DA:70,0
DA:72,0
DA:73,0
DA:74,0
FN:79,WithdrawFacet.withdrawAll
FNDA:0,WithdrawFacet.withdrawAll
DA:80,0
DA:81,0
DA:82,0
DA:84,0
DA:85,0
DA:86,0
DA:87,0
DA:88,0
DA:90,0
BRDA:90,5,0,-
BRDA:90,5,1,-
DA:91,0
DA:94,0
BRDA:94,6,0,-
BRDA:94,6,1,-
DA:95,0
DA:98,0
BRDA:98,7,0,-
BRDA:98,7,1,-
DA:99,0
DA:102,0
BRDA:102,8,0,-
BRDA:102,8,1,-
DA:103,0
DA:106,0
BRDA:106,9,0,-
BRDA:106,9,1,-
DA:107,0
DA:110,0
DA:112,0
DA:113,0
DA:114,0
DA:115,0
DA:116,0
FNF:3
FNH:0
LF:50
LH:0
BRF:20
BRH:0
end_of_record
TN:
SF:src/libraries/LAuthorizable.sol
FN:18,LAuthorizable.enforceIsAuthorized
FNDA:0,LAuthorizable.enforceIsAuthorized
DA:19,0
BRDA:19,0,0,-
BRDA:19,0,1,-
FNF:1
FNH:0
LF:1
LH:0
BRF:2
BRH:0
end_of_record
TN:
SF:src/libraries/LPausable.sol
FN:19,LPausable.enforceIsUnpaused
FNDA:0,LPausable.enforceIsUnpaused
DA:20,0
BRDA:20,0,0,-
BRDA:20,0,1,-
FNF:1
FNH:0
LF:1
LH:0
BRF:2
BRH:0
end_of_record
TN:
SF:src/libraries/LPercentages.sol
FN:10,LPercentages.percentage
FNDA:16,LPercentages.percentage
DA:11,16
FNF:1
FNH:1
LF:1
LH:1
BRF:0
BRH:0
end_of_record
TN:
SF:src/mocks/ERC20Mock.sol
FN:11,ERC20Mock.mint
FNDA:7,ERC20Mock.mint
DA:12,7
FNF:1
FNH:1
LF:1
LH:1
BRF:0
BRH:0
end_of_record
TN:
SF:src/mocks/RewardsControllerMock.sol
FN:8,RewardsControllerMock.tierOf
FNDA:4,RewardsControllerMock.tierOf
DA:9,4
BRDA:9,0,0,-
BRDA:9,0,1,4
DA:10,0
DA:12,4
FNF:1
FNH:1
LF:3
LH:2
BRF:2
BRH:1
end_of_record
TN:
SF:src/mocks/StratosphereMock.sol
FN:14,StratosphereMock.tokenIdOf
FNDA:6,StratosphereMock.tokenIdOf
DA:15,6
BRDA:15,0,0,2
BRDA:15,0,1,4
DA:16,2
DA:17,4
BRDA:17,1,0,-
BRDA:17,1,1,4
DA:18,0
DA:19,4
BRDA:19,2,0,2
BRDA:19,2,1,2
DA:20,2
DA:22,2
FNF:1
FNH:1
LF:7
LH:6
BRF:6
BRH:5
end_of_record
TN:
SF:src/upgradeInitializers/DiamondInit.sol
FN:27,DiamondInit.init
FNDA:0,DiamondInit.init
DA:29,0
DA:30,0
DA:31,0
DA:32,0
DA:33,0
FNF:1
FNH:0
LF:5
LH:0
BRF:0
BRH:0
end_of_record
TN:
SF:test/utils/DiamondTest.sol
FN:14,DiamondTest.createDiamond
FNDA:0,DiamondTest.createDiamond
DA:15,0
DA:16,0
DA:17,0
DA:18,0
DA:20,0
DA:22,0
DA:23,0
DA:24,0
DA:25,0
DA:26,0
DA:27,0
DA:28,0
DA:36,0
DA:37,0
DA:38,0
DA:39,0
DA:46,0
DA:48,0
DA:49,0
FN:53,DiamondTest.addFacet
FNDA:0,DiamondTest.addFacet
DA:54,0
DA:62,0
DA:64,0
FNF:2
FNH:0
LF:22
LH:0
BRF:0
BRH:0
end_of_record
